clustering/build/intermediates/manifest_merge_blame_file/debug/manifest-merger-blame-debug-report.txt
1<?xml version="1.0" encoding="utf-8"?>
2<manifest xmlns:android="http://schemas.android.com/apk/res/android"
3    package="com.google.maps.android" >
4
5    <uses-sdk android:minSdkVersion="14" />
5-->Eve\clustering\AndroidManifest.xml
6
7    <application>
7-->Eve\clustering\AndroidManifest.xml:5:5-10:19
8        <meta-data
8-->Eve\clustering\AndroidManifest.xml:6:9-8:69
9            android:name="com.google.android.gms.version"
9-->Eve\clustering\AndroidManifest.xml:7:13-58
10            android:value="@integer/google_play_services_version" />
10-->Eve\clustering\AndroidManifest.xml:8:13-66
11    </application>
12
13</manifest>